production
Server running on port 3001
Use GraphQL at http://localhost:3001/graphql
ntEkKvCQU1yu7nTyAAAB
mG2GbD67wF-XE87fAAAE
lm1R5BXiJPImcUDHAAAF
production
Server running on port 3001
Use GraphQL at http://localhost:3001/graphql
qPH6_KIFUcRA_sIvAAAD
0-H-4y54pvFIkrArAAAE
gySJ6EV9fFE5mWDDAAAF
production
Server running on port 3001
Use GraphQL at http://localhost:3001/graphql
production
Server running on port 3001
Use GraphQL at http://localhost:3001/graphql
e-hM11v7MfJ4RUD0AAAC
iS3FWqQlM0Km8LOAAAAD
1BbZsQXeD9-IfdruAAAF
production
Server running on port 3001
Use GraphQL at http://localhost:3001/graphql
JpEgAzTbrdviulDkAAAD
xtgsNvu3npSCJginAAAE
oPKTAPKZnJgwEZr-AAAF
production
Server running on port 3001
Use GraphQL at http://localhost:3001/graphql
4fKL9VH7wo1eNBffAAAD
YXyiLfWqBcw3roT6AAAE
fIdnkbBt-faYGT6gAAAF
production
Server running on port 3001
Use GraphQL at http://localhost:3001/graphql
k9vgHoyytBBjrZOhAAAD
r6murHGL_amw4ESBAAAE
cq-Wi5i7cy7NzwmaAAAF
production
Server running on port 3001
Use GraphQL at http://localhost:3001/graphql
production
Server running on port 3001
Use GraphQL at http://localhost:3001/graphql
ZRe2zimqqOv2iTK2AAAD
4ZMZSI7iiUztzW8KAAAE
PM_oyVdlmNZTaUmrAAAF
development
Server running on port 3001
Use GraphQL at http://localhost:3001/graphql
gm-48AIBLIM1oP1KAAAC
so48QKLFi_njQwGfAAAD
development
Server running on port 3001
Use GraphQL at http://localhost:3001/graphql
_C1tn5rf__hX_ooKAAAC
7hHKPCo60v0WTzXgAAAE
6J3pUPrGAoqA9A7sAAAF
production
production
production
Server running on port 3001
Use GraphQL at http://localhost:3001/graphql
2-nWpLLtP0o0R8UdAAAD
dH1_ZhSyXQZReDNKAAAE
xw-xf9JxcpZuRtdkAAAF
production
production
production
Server running on port 3001
Use GraphQL at http://localhost:3001/graphql
_5xh50tngvDhK7zRAAAB
9qTvIZowtWHn0CYCAAAD
ww71vVAW_s63zOLCAAAF
